<?xml version="1.0" encoding="UTF-8"?>
<!-- Generated by org.testng.reporters.JUnitXMLReporter -->
<testsuite ignored="0" hostname="DESKTOP-CNCJS5A" failures="0" tests="3" name="Default test" time="7.78" errors="0" timestamp="2021-10-13T14:39:02 BRT">
  <testcase classname="starWarsAPI.Tests_GET" name="test_1" time="5.43"/>
  <testcase classname="starWarsAPI.Tests_GET" name="test_2" time="1.167"/>
  <testcase classname="starWarsAPI.Tests_GET" name="test_3" time="1.112"/>
</testsuite> <!-- Default test -->
