<?xml version="1.0" encoding="UTF-8"?>
<testng-results ignored="0" total="3" passed="3" failed="0" skipped="0">
  <reporter-output>
  </reporter-output>
  <suite started-at="2021-10-13T14:38:54 BRT" name="Default suite" finished-at="2021-10-13T14:39:02 BRT" duration-ms="7780">
    <groups>
    </groups>
    <test started-at="2021-10-13T14:38:54 BRT" name="Default test" finished-at="2021-10-13T14:39:02 BRT" duration-ms="7780">
      <class name="starWarsAPI.Tests_GET">
        <test-method signature="test_1()[pri:0, instance:starWarsAPI.Tests_GET@65f095f8]" started-at="2021-10-13T14:38:54 BRT" name="test_1" finished-at="2021-10-13T14:39:00 BRT" duration-ms="5430" status="PASS">
          <reporter-output>
          </reporter-output>
        </test-method> <!-- test_1 -->
        <test-method signature="test_2()[pri:0, instance:starWarsAPI.Tests_GET@65f095f8]" started-at="2021-10-13T14:39:00 BRT" name="test_2" finished-at="2021-10-13T14:39:01 BRT" duration-ms="1167" status="PASS">
          <reporter-output>
          </reporter-output>
        </test-method> <!-- test_2 -->
        <test-method signature="test_3()[pri:0, instance:starWarsAPI.Tests_GET@65f095f8]" started-at="2021-10-13T14:39:01 BRT" name="test_3" finished-at="2021-10-13T14:39:02 BRT" duration-ms="1112" status="PASS">
          <reporter-output>
          </reporter-output>
        </test-method> <!-- test_3 -->
      </class> <!-- starWarsAPI.Tests_GET -->
    </test> <!-- Default test -->
  </suite> <!-- Default suite -->
</testng-results>
