<?xml version="1.0" encoding="UTF-8"?>
<testng-results ignored="0" total="2" passed="2" failed="0" skipped="0">
  <reporter-output>
  </reporter-output>
  <suite started-at="2021-10-12T16:28:59 BRT" name="Default suite" finished-at="2021-10-12T16:29:06 BRT" duration-ms="7150">
    <groups>
    </groups>
    <test started-at="2021-10-12T16:28:59 BRT" name="Default test" finished-at="2021-10-12T16:29:06 BRT" duration-ms="7150">
      <class name="starWarsAPI.Tests_GET">
        <test-method signature="test_01()[pri:0, instance:starWarsAPI.Tests_GET@34f7cfd9]" started-at="2021-10-12T16:28:59 BRT" name="test_01" finished-at="2021-10-12T16:29:02 BRT" duration-ms="3491" status="PASS">
          <reporter-output>
          </reporter-output>
        </test-method> <!-- test_01 -->
        <test-method signature="test_1()[pri:0, instance:starWarsAPI.Tests_GET@34f7cfd9]" started-at="2021-10-12T16:29:02 BRT" name="test_1" finished-at="2021-10-12T16:29:06 BRT" duration-ms="3604" status="PASS">
          <reporter-output>
          </reporter-output>
        </test-method> <!-- test_1 -->
      </class> <!-- starWarsAPI.Tests_GET -->
    </test> <!-- Default test -->
  </suite> <!-- Default suite -->
</testng-results>
